0 silly argv {
0 silly argv   _: [ 'run' ],
0 silly argv   scope: [
0 silly argv     '@poligonosdemos/poligonosapp_get_polygons',
0 silly argv     '@poligonosdemos/poligonosapp_consumer',
0 silly argv     '@poligonosdemos/pwa-play-billing'
0 silly argv   ],
0 silly argv   lernaVersion: '4.0.0',
0 silly argv   '$0': '..\\..\\..\\AppData\\Roaming\\npm-cache\\_npx\\10292\\node_modules\\lerna\\cli.js',
0 silly argv   script: 'start'
0 silly argv }
1 notice cli v4.0.0
2 verbose rootPath C:\Users\luism\Documents\GitHub\poligonosdemos
3 error Error: Invalid package name "poligonosdemos/leaflet": name can only contain URL-friendly characters
3 error     at invalidPackageName (C:\Users\luism\AppData\Roaming\npm-cache\_npx\10292\node_modules\lerna\node_modules\npm-package-arg\npa.js:84:15)
3 error     at Result.setName (C:\Users\luism\AppData\Roaming\npm-cache\_npx\10292\node_modules\lerna\node_modules\npm-package-arg\npa.js:119:11)
3 error     at new Result (C:\Users\luism\AppData\Roaming\npm-cache\_npx\10292\node_modules\lerna\node_modules\npm-package-arg\npa.js:110:10)
3 error     at Function.resolve (C:\Users\luism\AppData\Roaming\npm-cache\_npx\10292\node_modules\lerna\node_modules\npm-package-arg\npa.js:54:15)
3 error     at C:\Users\luism\AppData\Roaming\npm-cache\_npx\10292\node_modules\lerna\node_modules\@lerna\package-graph\index.js:66:30
3 error     at Array.forEach (<anonymous>)
3 error     at C:\Users\luism\AppData\Roaming\npm-cache\_npx\10292\node_modules\lerna\node_modules\@lerna\package-graph\index.js:60:38
3 error     at Map.forEach (<anonymous>)
3 error     at new PackageGraph (C:\Users\luism\AppData\Roaming\npm-cache\_npx\10292\node_modules\lerna\node_modules\@lerna\package-graph\index.js:49:10)
