[2021-03-16 12:31:13.271] [exthost] [info] extension host started
[2021-03-16 12:31:13.637] [exthost] [info] ExtensionService#_doActivateExtension vscode.microsoft-authentication {"startup":false,"extensionId":{"value":"vscode.microsoft-authentication","_lower":"vscode.microsoft-authentication"},"activationEvent":"onAuthenticationRequest:microsoft"}
[2021-03-16 12:31:13.638] [exthost] [info] ExtensionService#loadCommonJSModule file:///usr/share/code/resources/app/extensions/microsoft-authentication/dist/extension.js
[2021-03-16 12:31:13.680] [exthost] [info] ExtensionService#_doActivateExtension vscode.debug-auto-launch {"startup":true,"extensionId":{"value":"vscode.debug-auto-launch","_lower":"vscode.debug-auto-launch"},"activationEvent":"*"}
[2021-03-16 12:31:13.681] [exthost] [info] ExtensionService#loadCommonJSModule file:///usr/share/code/resources/app/extensions/debug-auto-launch/dist/extension
[2021-03-16 12:31:13.785] [exthost] [info] ExtensionService#_doActivateExtension vscode.git {"startup":true,"extensionId":{"value":"vscode.github","_lower":"vscode.github"},"activationEvent":"*"}
[2021-03-16 12:31:13.785] [exthost] [info] ExtensionService#loadCommonJSModule file:///usr/share/code/resources/app/extensions/git/dist/main
[2021-03-16 12:31:13.983] [exthost] [info] ExtensionService#_doActivateExtension vscode.npm {"startup":true,"extensionId":{"value":"vscode.npm","_lower":"vscode.npm"},"activationEvent":"workspaceContains:package.json"}
[2021-03-16 12:31:13.987] [exthost] [info] ExtensionService#loadCommonJSModule file:///usr/share/code/resources/app/extensions/npm/dist/npmMain
[2021-03-16 12:31:14.500] [exthost] [info] ExtensionService#_doActivateExtension ms-vscode.js-debug {"startup":false,"extensionId":{"value":"ms-vscode.js-debug","_lower":"ms-vscode.js-debug"},"activationEvent":"onCommand:extension.js-debug.clearAutoAttachVariables"}
[2021-03-16 12:31:14.500] [exthost] [info] ExtensionService#loadCommonJSModule file:///usr/share/code/resources/app/extensions/ms-vscode.js-debug/src/extension.js
[2021-03-16 12:31:14.910] [exthost] [info] ExtensionService#_doActivateExtension vscode.github-authentication {"startup":false,"extensionId":{"value":"vscode.github-authentication","_lower":"vscode.github-authentication"},"activationEvent":"onAuthenticationRequest:github"}
[2021-03-16 12:31:14.910] [exthost] [info] ExtensionService#loadCommonJSModule file:///usr/share/code/resources/app/extensions/github-authentication/dist/extension.js
[2021-03-16 12:31:15.211] [exthost] [info] ExtensionService#_doActivateExtension vscode.github {"startup":true,"extensionId":{"value":"vscode.github","_lower":"vscode.github"},"activationEvent":"*"}
[2021-03-16 12:31:15.211] [exthost] [info] ExtensionService#loadCommonJSModule file:///usr/share/code/resources/app/extensions/github/dist/extension.js
[2021-03-16 12:31:15.256] [exthost] [info] eager extensions activated
[2021-03-16 12:31:15.324] [exthost] [info] ExtensionService#_doActivateExtension vscode.emmet {"startup":false,"extensionId":{"value":"vscode.emmet","_lower":"vscode.emmet"},"activationEvent":"onStartupFinished"}
[2021-03-16 12:31:15.324] [exthost] [info] ExtensionService#loadCommonJSModule file:///usr/share/code/resources/app/extensions/emmet/dist/node/emmetNodeMain
[2021-03-16 12:31:15.381] [exthost] [info] ExtensionService#_doActivateExtension vscode.merge-conflict {"startup":false,"extensionId":{"value":"vscode.merge-conflict","_lower":"vscode.merge-conflict"},"activationEvent":"onStartupFinished"}
[2021-03-16 12:31:15.381] [exthost] [info] ExtensionService#loadCommonJSModule file:///usr/share/code/resources/app/extensions/merge-conflict/dist/mergeConflictMain
[2021-03-16 12:31:15.390] [exthost] [info] ExtensionService#_doActivateExtension vscode.testing-editor-contributions {"startup":false,"extensionId":{"value":"vscode.testing-editor-contributions","_lower":"vscode.testing-editor-contributions"},"activationEvent":"onStartupFinished"}
[2021-03-16 12:31:15.390] [exthost] [info] ExtensionService#loadCommonJSModule file:///usr/share/code/resources/app/extensions/testing-editor-contributions/dist/extension.js
[2021-03-16 12:32:13.493] [exthost] [info] ExtensionService#_doActivateExtension vscode.configuration-editing {"startup":false,"extensionId":{"value":"vscode.configuration-editing","_lower":"vscode.configuration-editing"},"activationEvent":"onLanguage:json"}
[2021-03-16 12:32:13.493] [exthost] [info] ExtensionService#loadCommonJSModule file:///usr/share/code/resources/app/extensions/configuration-editing/dist/configurationEditingMain
[2021-03-16 12:32:13.531] [exthost] [info] ExtensionService#_doActivateExtension vscode.extension-editing {"startup":false,"extensionId":{"value":"vscode.extension-editing","_lower":"vscode.extension-editing"},"activationEvent":"onLanguage:json"}
[2021-03-16 12:32:13.531] [exthost] [info] ExtensionService#loadCommonJSModule file:///usr/share/code/resources/app/extensions/extension-editing/dist/extensionEditingMain
[2021-03-16 12:32:13.588] [exthost] [info] ExtensionService#_doActivateExtension vscode.json-language-features {"startup":false,"extensionId":{"value":"vscode.json-language-features","_lower":"vscode.json-language-features"},"activationEvent":"onLanguage:json"}
[2021-03-16 12:32:13.589] [exthost] [info] ExtensionService#loadCommonJSModule file:///usr/share/code/resources/app/extensions/json-language-features/client/dist/node/jsonClientMain
[2021-03-16 12:32:13.746] [exthost] [info] ExtensionService#_doActivateExtension snyk-security.vscode-vuln-cost {"startup":false,"extensionId":{"value":"snyk-security.vscode-vuln-cost","_lower":"snyk-security.vscode-vuln-cost"},"activationEvent":"onLanguage:json"}
[2021-03-16 12:32:13.747] [exthost] [info] ExtensionService#loadCommonJSModule file:///root/.vscode/extensions/snyk-security.vscode-vuln-cost-1.4.0/dist/extension
[2021-03-16 12:32:15.424] [exthost] [info] ExtensionService#_doActivateExtension vscode.typescript-language-features {"startup":false,"extensionId":{"value":"vscode.typescript-language-features","_lower":"vscode.typescript-language-features"},"activationEvent":"onLanguage:jsonc"}
[2021-03-16 12:32:15.424] [exthost] [info] ExtensionService#loadCommonJSModule file:///usr/share/code/resources/app/extensions/typescript-language-features/dist/extension
[2021-03-16 12:34:07.641] [exthost] [warning] [Decorations] CAPPING events from decorations provider vscode.git 276
[2021-03-16 12:35:34.520] [exthost] [info] ExtensionService#_doActivateExtension vscode.debug-server-ready {"startup":false,"extensionId":{"value":"vscode.debug-server-ready","_lower":"vscode.debug-server-ready"},"activationEvent":"onDebugResolve"}
[2021-03-16 12:35:34.520] [exthost] [info] ExtensionService#loadCommonJSModule file:///usr/share/code/resources/app/extensions/debug-server-ready/dist/extension
[2021-03-16 12:35:50.011] [exthost] [info] ExtensionService#_doActivateExtension ms-dotnettools.csharp {"startup":false,"extensionId":{"value":"ms-dotnettools.csharp","_lower":"ms-dotnettools.csharp"},"activationEvent":"workspaceContains:*.csproj,*.sln,*.csx,*.cake,**/*.csproj,**/*.sln,**/*.csx,**/*.cake"}
[2021-03-16 12:35:50.011] [exthost] [info] ExtensionService#loadCommonJSModule file:///root/.vscode/extensions/ms-dotnettools.csharp-1.23.9/dist/extension
[2021-03-16 12:36:12.005] [exthost] [info] ExtensionService#_doActivateExtension golang.go {"startup":false,"extensionId":{"value":"golang.go","_lower":"golang.go"},"activationEvent":"workspaceContains:**/*.go"}
[2021-03-16 12:36:12.006] [exthost] [info] ExtensionService#loadCommonJSModule file:///root/.vscode/extensions/golang.go-0.23.2/dist/goMain.js
[2021-03-16 12:36:33.563] [exthost] [info] ExtensionService#_doActivateExtension msjsdiag.vscode-react-native {"startup":false,"extensionId":{"value":"msjsdiag.vscode-react-native","_lower":"msjsdiag.vscode-react-native"},"activationEvent":"workspaceContains:node_modules/react-native"}
[2021-03-16 12:36:33.563] [exthost] [info] ExtensionService#loadCommonJSModule file:///root/.vscode/extensions/msjsdiag.vscode-react-native-1.4.1/dist/rn-extension
[2021-03-16 12:36:35.301] [exthost] [warning] [Decorations] CAPPING events from decorations provider vscode.git 344
[2021-03-16 12:36:41.616] [exthost] [info] ExtensionService#_doActivateExtension ms-vscode.cpptools {"startup":false,"extensionId":{"value":"ms-vscode.cpptools","_lower":"ms-vscode.cpptools"},"activationEvent":"*"}
[2021-03-16 12:36:41.617] [exthost] [info] ExtensionService#loadCommonJSModule file:///root/.vscode/extensions/ms-vscode.cpptools-1.2.2/dist/main
[2021-03-16 12:37:03.011] [exthost] [info] ExtensionService#_doActivateExtension vscode.markdown-language-features {"startup":false,"extensionId":{"value":"vscode.markdown-language-features","_lower":"vscode.markdown-language-features"},"activationEvent":"onCommand:markdown.showPreview"}
[2021-03-16 12:37:03.011] [exthost] [info] ExtensionService#loadCommonJSModule file:///usr/share/code/resources/app/extensions/markdown-language-features/dist/extension
[2021-03-16 12:40:28.409] [exthost] [info] ExtensionService#_doActivateExtension ms-vscode.powershell {"startup":false,"extensionId":{"value":"ms-vscode.powershell","_lower":"ms-vscode.powershell"},"activationEvent":"onLanguage:powershell"}
[2021-03-16 12:40:28.410] [exthost] [info] ExtensionService#loadCommonJSModule file:///root/.vscode/extensions/ms-vscode.powershell-2021.2.2/out/src/main
[2021-03-16 12:50:17.797] [exthost] [info] extension host terminating: received terminate message from renderer
[2021-03-16 12:50:18.868] [exthost] [info] exiting with code 0
